<?xml version="1.0" encoding="UTF-8"?>
<!-- Generated by org.testng.reporters.JUnitReportReporter -->
<testsuite hostname="DESKTOP-R4CIO73" failures="0" tests="1" name="TestCases.IP_TC_577" time="22.193" errors="0" timestamp="2022-01-19T14:46:35 EET" skipped="0">
  <testcase classname="TestCases.IP_TC_577" name="navigate_to_Nurse_Check_Intra_Ward_Patient_Transfer_UI" time="22.193"/>
  <system-out/>
</testsuite> <!-- TestCases.IP_TC_577 -->
