<?xml version="1.0" encoding="UTF-8"?>
<!-- Generated by org.testng.reporters.JUnitReportReporter -->
<testsuite hostname="DESKTOP-R4CIO73" failures="0" tests="1" name="TestCases.IP_TC_581" time="19.685" errors="0" timestamp="2022-01-19T15:05:32 EET" skipped="0">
  <testcase classname="TestCases.IP_TC_581" name="navigate_to_login" time="19.685"/>
  <system-out/>
</testsuite> <!-- TestCases.IP_TC_581 -->
