<?xml version="1.0" encoding="UTF-8"?>
<!-- Generated by org.testng.reporters.JUnitReportReporter -->
<testsuite hostname="DESKTOP-R4CIO73" failures="0" tests="1" name="TestCases.IP_TC_583" time="9.494" errors="0" timestamp="2022-01-19T15:08:29 EET" skipped="0">
  <testcase classname="TestCases.IP_TC_583" name="navigate_to_Nurse_Search_Intra_Ward_Patient_Transfer_by_Practitioner" time="9.494"/>
  <system-out/>
</testsuite> <!-- TestCases.IP_TC_583 -->
