<?xml version="1.0" encoding="UTF-8"?>
<!-- Generated by org.testng.reporters.JUnitReportReporter -->
<testsuite hostname="DESKTOP-R4CIO73" failures="0" tests="1" name="TestCases.IP_TC_578" time="16.447" errors="0" timestamp="2022-01-19T14:46:35 EET" skipped="0">
  <testcase classname="TestCases.IP_TC_578" name="navigate_to_Nurse_Search_Intra_Ward_Patient_Transfer_by_Nursing_Unit" time="16.447"/>
  <system-out/>
</testsuite> <!-- TestCases.IP_TC_578 -->
