<?xml version="1.0" encoding="UTF-8"?>
<!-- Generated by org.testng.reporters.JUnitReportReporter -->
<testsuite hostname="DESKTOP-R4CIO73" failures="0" tests="1" name="TestCases.IP_TC_188_197_218" time="11.809" errors="0" timestamp="2022-01-19T13:26:14 EET" skipped="0">
  <testcase classname="TestCases.IP_TC_188_197_218" name="navigate_to_Verify_Assign_Bed" time="11.809"/>
  <system-out/>
</testsuite> <!-- TestCases.IP_TC_188_197_218 -->
