<?xml version="1.0" encoding="UTF-8"?>
<!-- Generated by org.testng.reporters.JUnitReportReporter -->
<testsuite hostname="DESKTOP-R4CIO73" failures="0" tests="1" name="TestCases.IP_TC_270" time="38.069" errors="0" timestamp="2022-01-19T13:46:27 EET" skipped="0">
  <testcase classname="TestCases.IP_TC_270" name="navigate_to_Assign_Bed_Mark_Patient_Arrival" time="38.069"/>
  <system-out/>
</testsuite> <!-- TestCases.IP_TC_270 -->
